###############################################################
#  Generated by:      Cadence Innovus 21.15-s110_1
#  OS:                Linux x86_64(Host ID sig2.eecs.wsu.edu)
#  Generated on:      Tue Feb 21 20:29:11 2023
#  Design:            VQS64_4
#  Command:           verify_drc
###############################################################
#set_verify_drc_mode -check_ndr_spacing auto -check_only default -check_same_via_cell true -disable_rules "" -exclude_pg_net false -ignore_cell_blockage false -ignore_trial_route false -limit 1000 -report VQS64_4.drc.rpt -use_min_spacing_on_block_obs auto

CUTSPACING: ( Same Layer Cut Spacing ) Regular Wire of Net mX2[11] & Regular Wire of Net mY4[49]  ( via6 )
Bounds : ( 0.270, 51.380 ) ( 0.330, 51.440 )


SHORT: ( Metal Short ) Regular Wire of Net mY4[49] & Regular Wire of Net mX2[11]  ( metal7 )
Bounds : ( 0.200, 51.310 ) ( 0.400, 51.510 )


SPACING: ( ParallelRunLength Spacing ) Regular Wire of Net mX2[11] & Regular Wire of Net mY4[49]  ( metal6 )
Bounds : ( 0.330, 51.380 ) ( 0.445, 51.440 )


SHORT: ( Metal Short ) Regular Wire of Net mY1[27] & Regular Wire of Net mY3[27]  ( metal6 )
Bounds : ( 42.865, 102.340 ) ( 43.005, 102.350 )


CUTSPACING: ( Same Layer Cut Spacing ) Regular Wire of Net mX4[42] & Regular Wire of Net mX4[46]  ( via6 )
Bounds : ( 106.770, 54.640 ) ( 106.830, 54.740 )


CUTSPACING: ( Same Layer Cut Spacing ) Regular Wire of Net mX2[43] & Regular Wire of Net mX2[44]  ( via6 )
Bounds : ( 106.770, 59.580 ) ( 106.830, 59.640 )


SHORT: ( Metal Short ) Regular Wire of Net CTS_14 & Regular Wire of Net rC6[46]  ( metal2 )
Bounds : ( 57.040, 56.175 ) ( 57.040, 56.315 )


SHORT: ( Metal Short ) Regular Wire of Net mX4[42] & Regular Wire of Net mX4[46]  ( metal6 )
Bounds : ( 106.705, 54.640 ) ( 106.770, 54.740 )


SHORT: ( Metal Short ) Regular Wire of Net mX4[42] & Regular Wire of Net mX4[46]  ( metal7 )
Bounds : ( 106.700, 54.510 ) ( 106.900, 54.870 )


SHORT: ( Metal Short ) Regular Wire of Net mX2[43] & Regular Wire of Net mX2[44]  ( metal7 )
Bounds : ( 106.700, 59.510 ) ( 106.900, 59.710 )


SPACING: ( ParallelRunLength Spacing ) Regular Wire of Net mX2[43] & Regular Wire of Net mX2[44]  ( metal6 )
Bounds : ( 106.705, 59.580 ) ( 106.770, 59.640 )


SHORT: ( Metal Short ) Regular Wire of Net mY4[54] & Regular Wire of Net mY3[51]  ( metal6 )
Bounds : ( 49.585, 0.130 ) ( 49.725, 0.140 )


SHORT: ( Metal Short ) Regular Wire of Net mX2[51] & Regular Wire of Net mY2[55]  ( metal6 )
Bounds : ( 57.145, 0.130 ) ( 57.285, 0.140 )


SPACING: ( ParallelRunLength Spacing ) Regular Wire of Net mY4[62] & Regular Wire of Net mY2[45]  ( metal7 )
Bounds : ( 106.700, 39.750 ) ( 106.900, 40.110 )


  Total Violations : 14 Viols.
